!SESSION 2017-06-17 22:17:55.680 -----------------------------------------------
eclipse.buildId=unknown
java.fullversion=JRE 1.8.0 IBM J9 2.8 Windows 10 amd64-64 Compressed References 20160719_312156 (JIT enabled, AOT enabled)
J9VM - R28_Java8_SR3_20160719_1144_B312156
JIT  - tr.r14.java_20160629_120284.01
GC   - R28_Java8_SR3_20160719_1144_B312156_CMPRSS
J9CL - 20160719_312156
BootLoader constants: OS=win32, ARCH=x86_64, WS=win32, NL=en_US
Command-line arguments:  -clean -nl en_US -configuration C:\myscripts\school\ds775\wk4\.metadata\workspace_oplrun

!ENTRY ilog.odms.ide.opllang.remote 1 0 2017-06-17 22:17:55.682
!MESSAGE Run Configuration1 in C:/myscripts/school/ds775/wk4/wk4
!SESSION 2017-06-17 22:20:23.337 -----------------------------------------------
eclipse.buildId=unknown
java.fullversion=JRE 1.8.0 IBM J9 2.8 Windows 10 amd64-64 Compressed References 20160719_312156 (JIT enabled, AOT enabled)
J9VM - R28_Java8_SR3_20160719_1144_B312156
JIT  - tr.r14.java_20160629_120284.01
GC   - R28_Java8_SR3_20160719_1144_B312156_CMPRSS
J9CL - 20160719_312156
BootLoader constants: OS=win32, ARCH=x86_64, WS=win32, NL=en_US
Command-line arguments:  -clean -nl en_US -configuration C:\myscripts\school\ds775\wk4\.metadata\workspace_oplrun

!ENTRY ilog.odms.ide.opllang.remote 1 0 2017-06-17 22:20:23.338
!MESSAGE Run Configuration1 in C:/myscripts/school/ds775/wk4/wk4
!SESSION 2017-06-17 22:22:25.566 -----------------------------------------------
eclipse.buildId=unknown
java.fullversion=JRE 1.8.0 IBM J9 2.8 Windows 10 amd64-64 Compressed References 20160719_312156 (JIT enabled, AOT enabled)
J9VM - R28_Java8_SR3_20160719_1144_B312156
JIT  - tr.r14.java_20160629_120284.01
GC   - R28_Java8_SR3_20160719_1144_B312156_CMPRSS
J9CL - 20160719_312156
BootLoader constants: OS=win32, ARCH=x86_64, WS=win32, NL=en_US
Command-line arguments:  -clean -nl en_US -configuration C:\myscripts\school\ds775\wk4\.metadata\workspace_oplrun

!ENTRY ilog.odms.ide.opllang.remote 1 0 2017-06-17 22:22:25.567
!MESSAGE Run Configuration1 in C:/myscripts/school/ds775/wk4/wk4
!SESSION 2017-06-17 22:25:07.626 -----------------------------------------------
eclipse.buildId=unknown
java.fullversion=JRE 1.8.0 IBM J9 2.8 Windows 10 amd64-64 Compressed References 20160719_312156 (JIT enabled, AOT enabled)
J9VM - R28_Java8_SR3_20160719_1144_B312156
JIT  - tr.r14.java_20160629_120284.01
GC   - R28_Java8_SR3_20160719_1144_B312156_CMPRSS
J9CL - 20160719_312156
BootLoader constants: OS=win32, ARCH=x86_64, WS=win32, NL=en_US
Command-line arguments:  -clean -nl en_US -configuration C:\myscripts\school\ds775\wk4\.metadata\workspace_oplrun

!ENTRY ilog.odms.ide.opllang.remote 1 0 2017-06-17 22:25:07.627
!MESSAGE Run Configuration1 in C:/myscripts/school/ds775/wk4/wk4
!SESSION 2017-06-17 22:28:47.062 -----------------------------------------------
eclipse.buildId=unknown
java.fullversion=JRE 1.8.0 IBM J9 2.8 Windows 10 amd64-64 Compressed References 20160719_312156 (JIT enabled, AOT enabled)
J9VM - R28_Java8_SR3_20160719_1144_B312156
JIT  - tr.r14.java_20160629_120284.01
GC   - R28_Java8_SR3_20160719_1144_B312156_CMPRSS
J9CL - 20160719_312156
BootLoader constants: OS=win32, ARCH=x86_64, WS=win32, NL=en_US
Command-line arguments:  -clean -nl en_US -configuration C:\myscripts\school\ds775\wk4\.metadata\workspace_oplrun

!ENTRY ilog.odms.ide.opllang.remote 1 0 2017-06-17 22:28:47.063
!MESSAGE Run Configuration1 in C:/myscripts/school/ds775/wk4/wk4

!ENTRY ilog.odms.ide.opllang.remote 4 0 2017-06-17 22:28:47.185
!MESSAGE load failed
!STACK 1
org.eclipse.core.runtime.CoreException: load failed
	at ilog.odms.ide.opllang.remote.IloOplRunConfigRunner.doSetUpModel(IloOplRunConfigRunner.java:151)
	at ilog.odms.ide.opllang.remote.IloOplRunConfigRunner.doRun(IloOplRunConfigRunner.java:395)
	at ilog.odms.ide.opllang.run.IloAbstractRunShell$2.run(IloAbstractRunShell.java:1589)
	at org.eclipse.core.internal.jobs.Worker.run(Worker.java:54)
Caused by: ilog.concert.IloException: Impossible to load model.
	at ilog.opl.opl_lang_wrapJNI.IloOplRunConfiguration_getCppOplModel(Native Method)
	at ilog.opl.IloOplRunConfiguration.getCppOplModel(IloOplRunConfiguration.java:226)
	at ilog.opl.IloOplRunConfiguration.getOplModel(IloOplRunConfiguration.java:116)
	at ilog.odms.ide.opllang.remote.IloOplRunConfigRunner.doSetUpModel(IloOplRunConfigRunner.java:145)
	... 3 more
!SUBENTRY 1 ilog.odms.ide.opllang.remote 4 0 2017-06-17 22:28:47.186
!MESSAGE load failed
!STACK 0
ilog.concert.IloException: Impossible to load model.
	at ilog.opl.opl_lang_wrapJNI.IloOplRunConfiguration_getCppOplModel(Native Method)
	at ilog.opl.IloOplRunConfiguration.getCppOplModel(IloOplRunConfiguration.java:226)
	at ilog.opl.IloOplRunConfiguration.getOplModel(IloOplRunConfiguration.java:116)
	at ilog.odms.ide.opllang.remote.IloOplRunConfigRunner.doSetUpModel(IloOplRunConfigRunner.java:145)
	at ilog.odms.ide.opllang.remote.IloOplRunConfigRunner.doRun(IloOplRunConfigRunner.java:395)
	at ilog.odms.ide.opllang.run.IloAbstractRunShell$2.run(IloAbstractRunShell.java:1589)
	at org.eclipse.core.internal.jobs.Worker.run(Worker.java:54)
!SESSION 2017-06-17 22:30:07.640 -----------------------------------------------
eclipse.buildId=unknown
java.fullversion=JRE 1.8.0 IBM J9 2.8 Windows 10 amd64-64 Compressed References 20160719_312156 (JIT enabled, AOT enabled)
J9VM - R28_Java8_SR3_20160719_1144_B312156
JIT  - tr.r14.java_20160629_120284.01
GC   - R28_Java8_SR3_20160719_1144_B312156_CMPRSS
J9CL - 20160719_312156
BootLoader constants: OS=win32, ARCH=x86_64, WS=win32, NL=en_US
Command-line arguments:  -clean -nl en_US -configuration C:\myscripts\school\ds775\wk4\.metadata\workspace_oplrun

!ENTRY ilog.odms.ide.opllang.remote 1 0 2017-06-17 22:30:07.641
!MESSAGE Run Configuration1 in C:/myscripts/school/ds775/wk4/wk4
!SESSION 2017-06-17 22:38:44.207 -----------------------------------------------
eclipse.buildId=unknown
java.fullversion=JRE 1.8.0 IBM J9 2.8 Windows 10 amd64-64 Compressed References 20160719_312156 (JIT enabled, AOT enabled)
J9VM - R28_Java8_SR3_20160719_1144_B312156
JIT  - tr.r14.java_20160629_120284.01
GC   - R28_Java8_SR3_20160719_1144_B312156_CMPRSS
J9CL - 20160719_312156
BootLoader constants: OS=win32, ARCH=x86_64, WS=win32, NL=en_US
Command-line arguments:  -clean -nl en_US -configuration C:\myscripts\school\ds775\wk4\.metadata\workspace_oplrun

!ENTRY ilog.odms.ide.opllang.remote 1 0 2017-06-17 22:38:44.208
!MESSAGE Run Configuration1 in C:/myscripts/school/ds775/wk4/wk4
!SESSION 2017-06-17 22:41:44.687 -----------------------------------------------
eclipse.buildId=unknown
java.fullversion=JRE 1.8.0 IBM J9 2.8 Windows 10 amd64-64 Compressed References 20160719_312156 (JIT enabled, AOT enabled)
J9VM - R28_Java8_SR3_20160719_1144_B312156
JIT  - tr.r14.java_20160629_120284.01
GC   - R28_Java8_SR3_20160719_1144_B312156_CMPRSS
J9CL - 20160719_312156
BootLoader constants: OS=win32, ARCH=x86_64, WS=win32, NL=en_US
Command-line arguments:  -clean -nl en_US -configuration C:\myscripts\school\ds775\wk4\.metadata\workspace_oplrun

!ENTRY ilog.odms.ide.opllang.remote 1 0 2017-06-17 22:41:44.688
!MESSAGE Run Configuration1 in C:/myscripts/school/ds775/wk4/wk4
!SESSION 2017-06-17 22:45:42.419 -----------------------------------------------
eclipse.buildId=unknown
java.fullversion=JRE 1.8.0 IBM J9 2.8 Windows 10 amd64-64 Compressed References 20160719_312156 (JIT enabled, AOT enabled)
J9VM - R28_Java8_SR3_20160719_1144_B312156
JIT  - tr.r14.java_20160629_120284.01
GC   - R28_Java8_SR3_20160719_1144_B312156_CMPRSS
J9CL - 20160719_312156
BootLoader constants: OS=win32, ARCH=x86_64, WS=win32, NL=en_US
Command-line arguments:  -clean -nl en_US -configuration C:\myscripts\school\ds775\wk4\.metadata\workspace_oplrun

!ENTRY ilog.odms.ide.opllang.remote 1 0 2017-06-17 22:45:42.420
!MESSAGE Run Configuration1 in C:/myscripts/school/ds775/wk4/wk4
!SESSION 2017-06-18 15:38:27.529 -----------------------------------------------
eclipse.buildId=unknown
java.fullversion=JRE 1.8.0 IBM J9 2.8 Windows 10 amd64-64 Compressed References 20160719_312156 (JIT enabled, AOT enabled)
J9VM - R28_Java8_SR3_20160719_1144_B312156
JIT  - tr.r14.java_20160629_120284.01
GC   - R28_Java8_SR3_20160719_1144_B312156_CMPRSS
J9CL - 20160719_312156
BootLoader constants: OS=win32, ARCH=x86_64, WS=win32, NL=en_US
Command-line arguments:  -clean -nl en_US -configuration C:\myscripts\school\ds775\wk4\.metadata\workspace_oplrun

!ENTRY ilog.odms.ide.opllang.remote 1 0 2017-06-18 15:38:27.530
!MESSAGE Run Problem3 in C:/myscripts/school/ds775/wk4/wk4
!SESSION 2017-06-18 15:40:26.891 -----------------------------------------------
eclipse.buildId=unknown
java.fullversion=JRE 1.8.0 IBM J9 2.8 Windows 10 amd64-64 Compressed References 20160719_312156 (JIT enabled, AOT enabled)
J9VM - R28_Java8_SR3_20160719_1144_B312156
JIT  - tr.r14.java_20160629_120284.01
GC   - R28_Java8_SR3_20160719_1144_B312156_CMPRSS
J9CL - 20160719_312156
BootLoader constants: OS=win32, ARCH=x86_64, WS=win32, NL=en_US
Command-line arguments:  -clean -nl en_US -configuration C:\myscripts\school\ds775\wk4\.metadata\workspace_oplrun

!ENTRY ilog.odms.ide.opllang.remote 1 0 2017-06-18 15:40:26.892
!MESSAGE Run Problem3 in C:/myscripts/school/ds775/wk4/wk4

!ENTRY ilog.odms.ide.opllang.remote 4 0 2017-06-18 15:40:27.150
!MESSAGE load failed
!STACK 1
org.eclipse.core.runtime.CoreException: load failed
	at ilog.odms.ide.opllang.remote.IloOplRunConfigRunner.doSetUpModel(IloOplRunConfigRunner.java:151)
	at ilog.odms.ide.opllang.remote.IloOplRunConfigRunner.doRun(IloOplRunConfigRunner.java:395)
	at ilog.odms.ide.opllang.run.IloAbstractRunShell$2.run(IloAbstractRunShell.java:1589)
	at org.eclipse.core.internal.jobs.Worker.run(Worker.java:54)
Caused by: ilog.concert.IloException: Impossible to load model.
	at ilog.opl.opl_lang_wrapJNI.IloOplRunConfiguration_getCppOplModel(Native Method)
	at ilog.opl.IloOplRunConfiguration.getCppOplModel(IloOplRunConfiguration.java:226)
	at ilog.opl.IloOplRunConfiguration.getOplModel(IloOplRunConfiguration.java:116)
	at ilog.odms.ide.opllang.remote.IloOplRunConfigRunner.doSetUpModel(IloOplRunConfigRunner.java:145)
	... 3 more
!SUBENTRY 1 ilog.odms.ide.opllang.remote 4 0 2017-06-18 15:40:27.154
!MESSAGE load failed
!STACK 0
ilog.concert.IloException: Impossible to load model.
	at ilog.opl.opl_lang_wrapJNI.IloOplRunConfiguration_getCppOplModel(Native Method)
	at ilog.opl.IloOplRunConfiguration.getCppOplModel(IloOplRunConfiguration.java:226)
	at ilog.opl.IloOplRunConfiguration.getOplModel(IloOplRunConfiguration.java:116)
	at ilog.odms.ide.opllang.remote.IloOplRunConfigRunner.doSetUpModel(IloOplRunConfigRunner.java:145)
	at ilog.odms.ide.opllang.remote.IloOplRunConfigRunner.doRun(IloOplRunConfigRunner.java:395)
	at ilog.odms.ide.opllang.run.IloAbstractRunShell$2.run(IloAbstractRunShell.java:1589)
	at org.eclipse.core.internal.jobs.Worker.run(Worker.java:54)
!SESSION 2017-06-18 15:41:40.089 -----------------------------------------------
eclipse.buildId=unknown
java.fullversion=JRE 1.8.0 IBM J9 2.8 Windows 10 amd64-64 Compressed References 20160719_312156 (JIT enabled, AOT enabled)
J9VM - R28_Java8_SR3_20160719_1144_B312156
JIT  - tr.r14.java_20160629_120284.01
GC   - R28_Java8_SR3_20160719_1144_B312156_CMPRSS
J9CL - 20160719_312156
BootLoader constants: OS=win32, ARCH=x86_64, WS=win32, NL=en_US
Command-line arguments:  -clean -nl en_US -configuration C:\myscripts\school\ds775\wk4\.metadata\workspace_oplrun

!ENTRY ilog.odms.ide.opllang.remote 1 0 2017-06-18 15:41:40.090
!MESSAGE Run Problem3 in C:/myscripts/school/ds775/wk4/wk4
!SESSION 2017-06-18 15:43:49.985 -----------------------------------------------
eclipse.buildId=unknown
java.fullversion=JRE 1.8.0 IBM J9 2.8 Windows 10 amd64-64 Compressed References 20160719_312156 (JIT enabled, AOT enabled)
J9VM - R28_Java8_SR3_20160719_1144_B312156
JIT  - tr.r14.java_20160629_120284.01
GC   - R28_Java8_SR3_20160719_1144_B312156_CMPRSS
J9CL - 20160719_312156
BootLoader constants: OS=win32, ARCH=x86_64, WS=win32, NL=en_US
Command-line arguments:  -clean -nl en_US -configuration C:\myscripts\school\ds775\wk4\.metadata\workspace_oplrun

!ENTRY ilog.odms.ide.opllang.remote 1 0 2017-06-18 15:43:49.986
!MESSAGE Run Problem3 in C:/myscripts/school/ds775/wk4/wk4
!SESSION 2017-06-18 15:48:56.075 -----------------------------------------------
eclipse.buildId=unknown
java.fullversion=JRE 1.8.0 IBM J9 2.8 Windows 10 amd64-64 Compressed References 20160719_312156 (JIT enabled, AOT enabled)
J9VM - R28_Java8_SR3_20160719_1144_B312156
JIT  - tr.r14.java_20160629_120284.01
GC   - R28_Java8_SR3_20160719_1144_B312156_CMPRSS
J9CL - 20160719_312156
BootLoader constants: OS=win32, ARCH=x86_64, WS=win32, NL=en_US
Command-line arguments:  -clean -nl en_US -configuration C:\myscripts\school\ds775\wk4\.metadata\workspace_oplrun

!ENTRY ilog.odms.ide.opllang.remote 1 0 2017-06-18 15:48:56.076
!MESSAGE Run Problem3 in C:/myscripts/school/ds775/wk4/wk4
!SESSION 2017-06-18 16:03:48.853 -----------------------------------------------
eclipse.buildId=unknown
java.fullversion=JRE 1.8.0 IBM J9 2.8 Windows 10 amd64-64 Compressed References 20160719_312156 (JIT enabled, AOT enabled)
J9VM - R28_Java8_SR3_20160719_1144_B312156
JIT  - tr.r14.java_20160629_120284.01
GC   - R28_Java8_SR3_20160719_1144_B312156_CMPRSS
J9CL - 20160719_312156
BootLoader constants: OS=win32, ARCH=x86_64, WS=win32, NL=en_US
Command-line arguments:  -clean -nl en_US -configuration C:\myscripts\school\ds775\wk4\.metadata\workspace_oplrun

!ENTRY ilog.odms.ide.opllang.remote 1 0 2017-06-18 16:03:48.854
!MESSAGE Run Problem2 in C:/myscripts/school/ds775/wk4/wk4
!SESSION 2017-06-18 16:04:10.329 -----------------------------------------------
eclipse.buildId=unknown
java.fullversion=JRE 1.8.0 IBM J9 2.8 Windows 10 amd64-64 Compressed References 20160719_312156 (JIT enabled, AOT enabled)
J9VM - R28_Java8_SR3_20160719_1144_B312156
JIT  - tr.r14.java_20160629_120284.01
GC   - R28_Java8_SR3_20160719_1144_B312156_CMPRSS
J9CL - 20160719_312156
BootLoader constants: OS=win32, ARCH=x86_64, WS=win32, NL=en_US
Command-line arguments:  -clean -nl en_US -configuration C:\myscripts\school\ds775\wk4\.metadata\workspace_oplrun

!ENTRY ilog.odms.ide.opllang.remote 1 0 2017-06-18 16:04:10.330
!MESSAGE Run Problem2 in C:/myscripts/school/ds775/wk4/wk4
